[0m23:41:01.903995 [debug] [MainThread]: Sending event: {'category': 'dbt', 'action': 'invocation', 'label': 'start', 'context': [<snowplow_tracker.self_describing_json.SelfDescribingJson object at 0x000002A93434CC90>, <snowplow_tracker.self_describing_json.SelfDescribingJson object at 0x000002A93405F610>, <snowplow_tracker.self_describing_json.SelfDescribingJson object at 0x000002A934327290>]}


============================== 23:41:01.920719 | ab9f5a94-08c2-4f43-bb7c-94449f512a44 ==============================
[0m23:41:01.920719 [info ] [MainThread]: Running with dbt=1.9.6
[0m23:41:01.920719 [debug] [MainThread]: running dbt with arguments {'printer_width': '80', 'indirect_selection': 'eager', 'log_cache_events': 'False', 'write_json': 'True', 'partial_parse': 'True', 'cache_selected_only': 'False', 'warn_error': 'None', 'fail_fast': 'False', 'debug': 'False', 'log_path': 'logs', 'version_check': 'True', 'profiles_dir': 'C:\\Users\\acerv\\.dbt', 'use_colors': 'True', 'use_experimental_parser': 'False', 'empty': 'None', 'quiet': 'False', 'no_print': 'None', 'log_format': 'default', 'invocation_command': 'dbt init', 'static_parser': 'True', 'warn_error_options': 'WarnErrorOptions(include=[], exclude=[])', 'target_path': 'None', 'introspect': 'True', 'send_anonymous_usage_stats': 'True'}
[0m23:41:08.077495 [debug] [MainThread]: Starter project path: C:\Users\acerv\anaconda3\envs\dataeng\Lib\site-packages\dbt\include\starter_project
[0m23:41:08.125649 [info ] [MainThread]: 
Your new dbt project "taxi_rides_ny" was created!

For more information on how to configure the profiles.yml file,
please consult the dbt documentation here:

  https://docs.getdbt.com/docs/configure-your-profile

One more thing:

Need help? Don't hesitate to reach out to us via GitHub issues or on Slack:

  https://community.getdbt.com/

Happy modeling!

[0m23:41:08.125649 [info ] [MainThread]: Setting up your profile.
[0m23:43:26.935778 [info ] [MainThread]: Profile taxi_rides_ny written to C:\Users\acerv\.dbt\profiles.yml using target's profile_template.yml and your supplied values. Run 'dbt debug' to validate the connection.
[0m23:43:26.943779 [debug] [MainThread]: Command `dbt init` succeeded at 23:43:26.942794 after 145.17 seconds
[0m23:43:26.945783 [debug] [MainThread]: Sending event: {'category': 'dbt', 'action': 'invocation', 'label': 'end', 'context': [<snowplow_tracker.self_describing_json.SelfDescribingJson object at 0x000002A92D9AA750>, <snowplow_tracker.self_describing_json.SelfDescribingJson object at 0x000002A92D925A10>, <snowplow_tracker.self_describing_json.SelfDescribingJson object at 0x000002A9342F8250>]}
[0m23:43:26.946785 [debug] [MainThread]: Flushing usage events
[0m23:43:27.461252 [debug] [MainThread]: An error was encountered while trying to flush usage events
